  ImageUtility.cpp
f:\data\imagestisch\algorithm\Stitcher.h(105): warning C4251: “Stitcher::outputName”: class“std::basic_string<char,std::char_traits<char>,std::allocator<char>>”需要有 dll 接口由 class“Stitcher”的客户端使用
  G:\VS2015\VC\include\xstring(2633): note: 参见“std::basic_string<char,std::char_traits<char>,std::allocator<char>>”的声明
f:\data\imagestisch\algorithm\Stitcher.h(107): warning C4251: “Stitcher::outputfileExtension”: class“std::basic_string<char,std::char_traits<char>,std::allocator<char>>”需要有 dll 接口由 class“Stitcher”的客户端使用
  G:\VS2015\VC\include\xstring(2633): note: 参见“std::basic_string<char,std::char_traits<char>,std::allocator<char>>”的声明
f:\data\imagestisch\algorithm\Stitcher.h(113): warning C4251: “Stitcher::log”: class“std::basic_string<char,std::char_traits<char>,std::allocator<char>>”需要有 dll 接口由 class“Stitcher”的客户端使用
  G:\VS2015\VC\include\xstring(2633): note: 参见“std::basic_string<char,std::char_traits<char>,std::allocator<char>>”的声明
ImageUtility.cpp(31): warning C4244: “初始化”: 从“float”转换到“int”，可能丢失数据
ImageUtility.cpp(45): warning C4244: “初始化”: 从“float”转换到“int”，可能丢失数据
ImageUtility.cpp(60): warning C4244: “初始化”: 从“float”转换到“int”，可能丢失数据
ImageUtility.cpp(75): warning C4244: “初始化”: 从“float”转换到“int”，可能丢失数据
ImageUtility.cpp(96): warning C4305: “初始化”: 从“double”到“float”截断
    正在创建库 F:\data\ImageStisch\x64\Release\algorithm.lib 和对象 F:\data\ImageStisch\x64\Release\algorithm.exp
  正在生成代码
  11 of 1075 functions ( 1.0%) were compiled, the rest were copied from previous compilation.
    1 functions were new in current compilation
    18 functions had inline decision re-evaluated but remain unchanged
  已完成代码的生成
  algorithm.vcxproj -> F:\data\ImageStisch\x64\Release\algorithm.dll
  algorithm.vcxproj -> F:\data\ImageStisch\x64\Release\algorithm.pdb (Full PDB)
