f:\data\imagestisch\imagestisch\x64\debug\moc_graphicsview.obj
f:\data\imagestisch\imagestisch\x64\debug\moc_imagestisch.obj
f:\data\imagestisch\imagestisch\x64\debug\qrc_imagestisch.obj
f:\data\imagestisch\imagestisch\x64\debug\main.obj
f:\data\imagestisch\imagestisch\x64\debug\imagestisch.obj
f:\data\imagestisch\imagestisch\x64\debug\graphicsview.obj
f:\data\imagestisch\imagestisch\x64\debug\vc140.pdb
f:\data\imagestisch\imagestisch\x64\debug\uic\ui_imagestisch.h
f:\data\imagestisch\imagestisch\x64\debug\rcc\qrc_imagestisch.cpp
f:\data\imagestisch\imagestisch\x64\debug\moc\moc_imagestisch.cpp
f:\data\imagestisch\imagestisch\x64\debug\moc\moc_graphicsview.cpp
f:\data\imagestisch\x64\debug\imagestisch.pdb
f:\data\imagestisch\imagestisch\x64\debug\imagestisch.tlog\cl.command.1.tlog
f:\data\imagestisch\imagestisch\x64\debug\imagestisch.tlog\cl.read.1.tlog
f:\data\imagestisch\imagestisch\x64\debug\imagestisch.tlog\cl.write.1.tlog
f:\data\imagestisch\imagestisch\x64\debug\imagestisch.tlog\imagestisch.write.1u.tlog
f:\data\imagestisch\imagestisch\x64\debug\imagestisch.tlog\link.command.1.tlog
f:\data\imagestisch\imagestisch\x64\debug\imagestisch.tlog\link.read.1.tlog
f:\data\imagestisch\imagestisch\x64\debug\imagestisch.tlog\link.write.1.tlog
f:\data\imagestisch\imagestisch\x64\debug\imagestisch.tlog\moc.read.1u.tlog
f:\data\imagestisch\imagestisch\x64\debug\imagestisch.tlog\moc.write.1u.tlog
f:\data\imagestisch\imagestisch\x64\debug\imagestisch.tlog\rcc.read.1u.tlog
f:\data\imagestisch\imagestisch\x64\debug\imagestisch.tlog\rcc.write.1u.tlog
f:\data\imagestisch\imagestisch\x64\debug\imagestisch.tlog\uic.read.1u.tlog
f:\data\imagestisch\imagestisch\x64\debug\imagestisch.tlog\uic.write.1u.tlog
