f:\data\imagestisch\imagestisch\x64\release\qrc_imagestisch.obj
f:\data\imagestisch\imagestisch\x64\release\moc_imagestisch.obj
f:\data\imagestisch\imagestisch\x64\release\imagestisch.obj
f:\data\imagestisch\imagestisch\x64\release\graphicsview.obj
f:\data\imagestisch\imagestisch\x64\release\main.obj
f:\data\imagestisch\imagestisch\x64\release\moc_graphicsview.obj
f:\data\imagestisch\imagestisch\x64\release\uic\ui_imagestisch.h
f:\data\imagestisch\imagestisch\x64\release\rcc\qrc_imagestisch.cpp
f:\data\imagestisch\imagestisch\x64\release\moc\moc_imagestisch.cpp
f:\data\imagestisch\imagestisch\x64\release\moc\moc_graphicsview.cpp
f:\data\imagestisch\x64\release\imagestisch.lib
f:\data\imagestisch\x64\release\imagestisch.exp
f:\data\imagestisch\x64\release\imagestisch.exe
f:\data\imagestisch\imagestisch\x64\release\imagestisch.tlog\cl.command.1.tlog
f:\data\imagestisch\imagestisch\x64\release\imagestisch.tlog\cl.read.1.tlog
f:\data\imagestisch\imagestisch\x64\release\imagestisch.tlog\cl.write.1.tlog
f:\data\imagestisch\imagestisch\x64\release\imagestisch.tlog\imagestisch.write.1u.tlog
f:\data\imagestisch\imagestisch\x64\release\imagestisch.tlog\link.command.1.tlog
f:\data\imagestisch\imagestisch\x64\release\imagestisch.tlog\link.read.1.tlog
f:\data\imagestisch\imagestisch\x64\release\imagestisch.tlog\link.write.1.tlog
f:\data\imagestisch\imagestisch\x64\release\imagestisch.tlog\moc.read.1u.tlog
f:\data\imagestisch\imagestisch\x64\release\imagestisch.tlog\moc.write.1u.tlog
f:\data\imagestisch\imagestisch\x64\release\imagestisch.tlog\rcc.read.1u.tlog
f:\data\imagestisch\imagestisch\x64\release\imagestisch.tlog\rcc.write.1u.tlog
f:\data\imagestisch\imagestisch\x64\release\imagestisch.tlog\uic.read.1u.tlog
f:\data\imagestisch\imagestisch\x64\release\imagestisch.tlog\uic.write.1u.tlog
