f:\data\imagestisch\x64\debug\algorithm.lib
f:\data\imagestisch\x64\debug\algorithm.exp
f:\data\imagestisch\algorithm\x64\debug\vc140.pdb
f:\data\imagestisch\algorithm\x64\debug\vc140.idb
f:\data\imagestisch\algorithm\x64\debug\main.obj
f:\data\imagestisch\algorithm\x64\debug\imagefusion.obj
f:\data\imagestisch\algorithm\x64\debug\method.obj
f:\data\imagestisch\algorithm\x64\debug\stitcher.obj
f:\data\imagestisch\algorithm\x64\debug\log.obj
f:\data\imagestisch\algorithm\x64\debug\imageutility.obj
f:\data\imagestisch\x64\debug\algorithm.ilk
f:\data\imagestisch\x64\debug\algorithm.dll
f:\data\imagestisch\x64\debug\algorithm.pdb
f:\data\imagestisch\algorithm\x64\debug\main.obj.enc
f:\data\imagestisch\algorithm\x64\debug\stitcher.obj.enc
f:\data\imagestisch\algorithm\x64\debug\algorithm.tlog\algorithm.write.1u.tlog
f:\data\imagestisch\algorithm\x64\debug\algorithm.tlog\cl.command.1.tlog
f:\data\imagestisch\algorithm\x64\debug\algorithm.tlog\cl.read.1.tlog
f:\data\imagestisch\algorithm\x64\debug\algorithm.tlog\cl.write.1.tlog
f:\data\imagestisch\algorithm\x64\debug\algorithm.tlog\link.command.1.tlog
f:\data\imagestisch\algorithm\x64\debug\algorithm.tlog\link.read.1.tlog
f:\data\imagestisch\algorithm\x64\debug\algorithm.tlog\link.write.1.tlog
